<?xml version="1.0" encoding="UTF-8"?>
<testng-results skipped="0" failed="0" ignored="0" total="3" passed="3">
  <reporter-output>
  </reporter-output>
  <suite name="Suite" duration-ms="543" started-at="2020-05-12T18:17:18 IST" finished-at="2020-05-12T18:17:19 IST">
    <groups>
    </groups>
    <test name="Test" duration-ms="543" started-at="2020-05-12T18:17:18 IST" finished-at="2020-05-12T18:17:19 IST">
      <class name="testcases.TestCase1">
        <test-method status="PASS" signature="doLaunchBrowser()[pri:0, instance:testcases.TestCase1@59fa1d9b]" name="doLaunchBrowser" is-config="true" duration-ms="18701" started-at="2020-05-12T18:16:59 IST" finished-at="2020-05-12T18:17:18 IST">
          <reporter-output>
          </reporter-output>
        </test-method> <!-- doLaunchBrowser -->
        <test-method status="PASS" signature="getAllLinks()[pri:0, instance:testcases.TestCase1@59fa1d9b]" name="getAllLinks" duration-ms="485" started-at="2020-05-12T18:17:18 IST" finished-at="2020-05-12T18:17:19 IST">
          <reporter-output>
          </reporter-output>
        </test-method> <!-- getAllLinks -->
        <test-method status="PASS" signature="verifUrl()[pri:0, instance:testcases.TestCase1@59fa1d9b]" name="verifUrl" duration-ms="7" started-at="2020-05-12T18:17:19 IST" finished-at="2020-05-12T18:17:19 IST">
          <reporter-output>
          </reporter-output>
        </test-method> <!-- verifUrl -->
        <test-method status="PASS" signature="verifyTitle()[pri:0, instance:testcases.TestCase1@59fa1d9b]" name="verifyTitle" duration-ms="9" started-at="2020-05-12T18:17:19 IST" finished-at="2020-05-12T18:17:19 IST">
          <reporter-output>
          </reporter-output>
        </test-method> <!-- verifyTitle -->
        <test-method status="PASS" signature="closeBrowser()[pri:0, instance:testcases.TestCase1@59fa1d9b]" name="closeBrowser" is-config="true" duration-ms="729" started-at="2020-05-12T18:17:19 IST" finished-at="2020-05-12T18:17:19 IST">
          <reporter-output>
          </reporter-output>
        </test-method> <!-- closeBrowser -->
      </class> <!-- testcases.TestCase1 -->
    </test> <!-- Test -->
  </suite> <!-- Suite -->
</testng-results>
